2016-08-12 16:12:24 [scrapy] INFO: Scrapy 1.1.0 started (bot: rongjinsuo)
2016-08-12 16:12:24 [scrapy] INFO: Overridden settings: {'NEWSPIDER_MODULE': 'rongjinsuo.spiders', 'REDIRECT_MAX_TIMES': 30, 'ROBOTSTXT_OBEY': True, 'SPIDER_MODULES': ['rongjinsuo.spiders'], 'AUTOTHROTTLE_START_DELAY': 20, 'BOT_NAME': 'rongjinsuo', 'USER_AGENT': 'Mozilla/5.0 (Windows NT 6.1; WOW64) AppleWebKit/537.36 (KHTML, like Gecko) Chrome/50.0.2661.70 Safari/537.36', 'DOWNLOAD_DELAY': 2}
2016-08-12 16:12:24 [scrapy] INFO: Enabled extensions:
['scrapy.extensions.logstats.LogStats',
 'scrapy.extensions.telnet.TelnetConsole',
 'scrapy.extensions.corestats.CoreStats']
2016-08-12 16:12:24 [scrapy] INFO: Enabled downloader middlewares:
['scrapy.downloadermiddlewares.robotstxt.RobotsTxtMiddleware',
 'scrapy.downloadermiddlewares.httpauth.HttpAuthMiddleware',
 'scrapy.downloadermiddlewares.downloadtimeout.DownloadTimeoutMiddleware',
 'scrapy.downloadermiddlewares.useragent.UserAgentMiddleware',
 'scrapy.downloadermiddlewares.retry.RetryMiddleware',
 'scrapy.downloadermiddlewares.defaultheaders.DefaultHeadersMiddleware',
 'scrapy.downloadermiddlewares.redirect.MetaRefreshMiddleware',
 'scrapy.downloadermiddlewares.httpcompression.HttpCompressionMiddleware',
 'scrapy.downloadermiddlewares.redirect.RedirectMiddleware',
 'scrapy.downloadermiddlewares.cookies.CookiesMiddleware',
 'scrapy.downloadermiddlewares.chunked.ChunkedTransferMiddleware',
 'scrapy.downloadermiddlewares.stats.DownloaderStats']
2016-08-12 16:12:24 [scrapy] INFO: Enabled spider middlewares:
['scrapy.spidermiddlewares.httperror.HttpErrorMiddleware',
 'scrapy.spidermiddlewares.offsite.OffsiteMiddleware',
 'scrapy.spidermiddlewares.referer.RefererMiddleware',
 'scrapy.spidermiddlewares.urllength.UrlLengthMiddleware',
 'scrapy.spidermiddlewares.depth.DepthMiddleware']
2016-08-12 16:12:24 [scrapy] INFO: Enabled item pipelines:
['rongjinsuo.pipelines.MySQLStoreRongJinSuoPipeline']
2016-08-12 16:12:24 [scrapy] INFO: Spider opened
2016-08-12 16:12:24 [scrapy] INFO: Crawled 0 pages (at 0 pages/min), scraped 0 items (at 0 items/min)
2016-08-12 16:12:24 [scrapy] DEBUG: Telnet console listening on 127.0.0.1:6023
2016-08-12 16:12:24 [scrapy] DEBUG: Crawled (200) <GET https://www.rjs.com/robots.txt> (referer: None)
2016-08-12 16:12:27 [scrapy] DEBUG: Crawled (200) <GET https://www.rjs.com/invest/61514.html> (referer: None)
2016-08-12 16:12:27 [scrapy] DEBUG: Scraped from <200 https://www.rjs.com/invest/61514.html>
None
2016-08-12 16:12:30 [scrapy] DEBUG: Crawled (200) <GET https://www.rjs.com/invest/61516.html> (referer: None)
2016-08-12 16:12:30 [scrapy] DEBUG: Scraped from <200 https://www.rjs.com/invest/61516.html>
None
2016-08-12 16:12:32 [scrapy] DEBUG: Crawled (200) <GET https://www.rjs.com/invest/61584.html> (referer: None)
2016-08-12 16:12:32 [scrapy] DEBUG: Scraped from <200 https://www.rjs.com/invest/61584.html>
None
2016-08-12 16:12:35 [scrapy] DEBUG: Crawled (200) <GET https://www.rjs.com/invest/61589.html> (referer: None)
2016-08-12 16:12:35 [scrapy] DEBUG: Scraped from <200 https://www.rjs.com/invest/61589.html>
None
2016-08-12 16:12:37 [scrapy] DEBUG: Crawled (200) <GET https://www.rjs.com/invest/61603.html> (referer: None)
2016-08-12 16:12:37 [scrapy] DEBUG: Scraped from <200 https://www.rjs.com/invest/61603.html>
None
2016-08-12 16:12:39 [scrapy] DEBUG: Crawled (200) <GET https://www.rjs.com/invest/61652.html> (referer: None)
2016-08-12 16:12:39 [scrapy] DEBUG: Scraped from <200 https://www.rjs.com/invest/61652.html>
None
2016-08-12 16:12:42 [scrapy] DEBUG: Crawled (200) <GET https://www.rjs.com/invest/61843.html> (referer: None)
2016-08-12 16:12:42 [scrapy] DEBUG: Scraped from <200 https://www.rjs.com/invest/61843.html>
None
2016-08-12 16:12:44 [scrapy] DEBUG: Crawled (200) <GET https://www.rjs.com/invest/61844.html> (referer: None)
2016-08-12 16:12:44 [scrapy] DEBUG: Scraped from <200 https://www.rjs.com/invest/61844.html>
None
2016-08-12 16:12:47 [scrapy] DEBUG: Crawled (200) <GET https://www.rjs.com/invest/61848.html> (referer: None)
2016-08-12 16:12:47 [scrapy] DEBUG: Scraped from <200 https://www.rjs.com/invest/61848.html>
None
2016-08-12 16:12:50 [scrapy] DEBUG: Crawled (200) <GET https://www.rjs.com/invest/61851.html> (referer: None)
2016-08-12 16:12:50 [scrapy] DEBUG: Scraped from <200 https://www.rjs.com/invest/61851.html>
None
2016-08-12 16:12:53 [scrapy] DEBUG: Crawled (200) <GET https://www.rjs.com/invest/61888.html> (referer: None)
2016-08-12 16:12:53 [scrapy] DEBUG: Scraped from <200 https://www.rjs.com/invest/61888.html>
None
2016-08-12 16:12:55 [scrapy] DEBUG: Crawled (200) <GET https://www.rjs.com/invest/61889.html> (referer: None)
2016-08-12 16:12:55 [scrapy] DEBUG: Scraped from <200 https://www.rjs.com/invest/61889.html>
None
2016-08-12 16:12:58 [scrapy] DEBUG: Crawled (200) <GET https://www.rjs.com/invest/61890.html> (referer: None)
2016-08-12 16:12:58 [scrapy] DEBUG: Scraped from <200 https://www.rjs.com/invest/61890.html>
None
2016-08-12 16:12:59 [scrapy] DEBUG: Crawled (200) <GET https://www.rjs.com/invest/61891.html> (referer: None)
2016-08-12 16:13:00 [scrapy] DEBUG: Scraped from <200 https://www.rjs.com/invest/61891.html>
None
2016-08-12 16:13:02 [scrapy] DEBUG: Crawled (200) <GET https://www.rjs.com/invest/61892.html> (referer: None)
2016-08-12 16:13:02 [scrapy] DEBUG: Scraped from <200 https://www.rjs.com/invest/61892.html>
None
2016-08-12 16:13:05 [scrapy] DEBUG: Crawled (200) <GET https://www.rjs.com/invest/61893.html> (referer: None)
2016-08-12 16:13:05 [scrapy] DEBUG: Scraped from <200 https://www.rjs.com/invest/61893.html>
None
2016-08-12 16:13:07 [scrapy] DEBUG: Crawled (200) <GET https://www.rjs.com/invest/61894.html> (referer: None)
2016-08-12 16:13:07 [scrapy] DEBUG: Scraped from <200 https://www.rjs.com/invest/61894.html>
None
2016-08-12 16:13:10 [scrapy] DEBUG: Crawled (200) <GET https://www.rjs.com/invest/61895.html> (referer: None)
2016-08-12 16:13:10 [scrapy] DEBUG: Scraped from <200 https://www.rjs.com/invest/61895.html>
None
2016-08-12 16:13:12 [scrapy] DEBUG: Crawled (200) <GET https://www.rjs.com/invest/61897.html> (referer: None)
2016-08-12 16:13:12 [scrapy] DEBUG: Scraped from <200 https://www.rjs.com/invest/61897.html>
None
2016-08-12 16:13:15 [scrapy] DEBUG: Crawled (200) <GET https://www.rjs.com/invest/61898.html> (referer: None)
2016-08-12 16:13:15 [scrapy] DEBUG: Scraped from <200 https://www.rjs.com/invest/61898.html>
None
2016-08-12 16:13:16 [scrapy] DEBUG: Crawled (200) <GET https://www.rjs.com/invest/61900.html> (referer: None)
2016-08-12 16:13:16 [scrapy] DEBUG: Scraped from <200 https://www.rjs.com/invest/61900.html>
None
2016-08-12 16:13:18 [scrapy] DEBUG: Crawled (200) <GET https://www.rjs.com/invest/61903.html> (referer: None)
parse_rongdiya_toubiaohttps://www.rjs.com/invest/61514.html
[u'\u878d\xa0\xb7\xa0\u62b5\u62bc\u7cfb\u5217\uff1a\u4e2d\u5c0f\u4f01\u4e1a-\u8f66\u6613\u8d37CYD JK 32013 151207001']
parse_rongdiya_toubiaohttps://www.rjs.com/invest/61516.html
[u'\u878d\xa0\xb7\xa0\u62b5\u62bc\u7cfb\u5217\uff1a\u4e2d\u5c0f\u4f01\u4e1a-\u8f66\u6613\u8d37GDGZ20150806CDCDJK552']
parse_rongdiya_toubiaohttps://www.rjs.com/invest/61584.html
[u'\u878d\xa0\xb7\xa0\u62b5\u62bc\u7cfb\u5217\uff1a\u4e2d\u5c0f\u4f01\u4e1a-\u8f66\u6613\u8d37CYD JK 44003 160106001']
parse_rongdiya_toubiaohttps://www.rjs.com/invest/61589.html
[u'\u878d\xa0\xb7\xa0\u62b5\u62bc\u7cfb\u5217\uff1a\u4e2d\u5c0f\u4f01\u4e1a-\u8f66\u6613\u8d37CYD JK 44003 150909005']
parse_rongdiya_toubiaohttps://www.rjs.com/invest/61603.html
[u'\u878d\xa0\xb7\xa0\u62b5\u62bc\u7cfb\u5217\uff1a\u4e2d\u5c0f\u4f01\u4e1a-\u8f66\u6613\u8d37CYD JK 44019 160405004']
parse_rongdiya_toubiaohttps://www.rjs.com/invest/61652.html
[u'\u878d\xa0\xb7\xa0\u62b5\u62bc\u7cfb\u5217\uff1a\u4e2d\u5c0f\u4f01\u4e1a-\u8f66\u6613\u8d37CYD JK 44003 150909006']
parse_rongdiya_toubiaohttps://www.rjs.com/invest/61843.html
[u'\u878d\xa0\xb7\xa0\u62b5\u62bc\u7cfb\u5217\uff1a\u4e2d\u5c0f\u4f01\u4e1a-\u623f\u6613\u8d37FYD JK 44001 160811003']
parse_rongdiya_toubiaohttps://www.rjs.com/invest/61844.html
[u'\u878d\xa0\xb7\xa0\u4fe1\u7528\u7cfb\u5217\uff1a\u4e2d\u5c0f\u4f01\u4e1a- E\u8f66\u8d37ECD JK 61040 160811001']
evaluating_price index error
record_date index error
xinghao index error
appraiser index error
parse_rongdiya_toubiaohttps://www.rjs.com/invest/61848.html
[u'\u878d\xa0\xb7\xa0\u62b5\u62bc\u7cfb\u5217\uff1a\u4e2d\u5c0f\u4f01\u4e1a-\u8f66\u6613\u8d37CYD JK 44010 160810002']
parse_rongdiya_toubiaohttps://www.rjs.com/invest/61851.html
[u'\u878d\xa0\xb7\xa0\u62b5\u62bc\u7cfb\u5217\uff1a\u4e2d\u5c0f\u4f01\u4e1a-\u8f66\u6613\u8d37CYD JK 44005 160511001']
parse_rongdiya_toubiaohttps://www.rjs.com/invest/61888.html
[u'\u878d\xa0\xb7\xa0\u4fe1\u7528\u7cfb\u5217\uff1a\u4e2d\u5c0f\u4f01\u4e1a- E\u8f66\u8d37ECD JK 44003 160811001']
evaluating_price index error
record_date index error
xinghao index error
appraiser index error
parse_rongdiya_toubiaohttps://www.rjs.com/invest/61889.html
[u'\u878d\xa0\xb7\xa0\u4fe1\u7528\u7cfb\u5217\uff1a\u4e2d\u5c0f\u4f01\u4e1a- E\u8f66\u8d37ECD JK 31032 160803001']
evaluating_price index error
record_date index error
xinghao index error
appraiser index error
parse_rongdiya_toubiaohttps://www.rjs.com/invest/61890.html
[u'\u878d\xa0\xb7\xa0\u62b5\u62bc\u7cfb\u5217\uff1a\u4e2d\u5c0f\u4f01\u4e1a-\u8f66\u6613\u8d37CYD JK 41017 160811001']
parse_rongdiya_toubiaohttps://www.rjs.com/invest/61891.html
[u'\u878d\xa0\xb7\xa0\u62b5\u62bc\u7cfb\u5217\uff1a\u4e2d\u5c0f\u4f01\u4e1a-\u8f66\u6613\u8d37CYD JK 44001 160811002']
parse_rongdiya_toubiaohttps://www.rjs.com/invest/61892.html
[u'\u878d\xa0\xb7\xa0\u62b5\u62bc\u7cfb\u5217\uff1a\u4e2d\u5c0f\u4f01\u4e1a-\u8f66\u6613\u8d37CYD JK 44005 150911001']
parse_rongdiya_toubiaohttps://www.rjs.com/invest/61893.html
[u'\u878d\xa0\xb7\xa0\u62b5\u62bc\u7cfb\u5217\uff1a\u4e2d\u5c0f\u4f01\u4e1a-\u8f66\u6613\u8d37CYD JK 44012 160811001']
parse_rongdiya_toubiaohttps://www.rjs.com/invest/61894.html
[u'\u878d\xa0\xb7\xa0\u62b5\u62bc\u7cfb\u5217\uff1a\u4e2d\u5c0f\u4f01\u4e1a-\u8f66\u6613\u8d37CYD JK 44010 160803001']
parse_rongdiya_toubiaohttps://www.rjs.com/invest/61895.html
[u'\u878d\xa0\xb7\xa0\u62b5\u62bc\u7cfb\u5217\uff1a\u4e2d\u5c0f\u4f01\u4e1a-\u8f66\u6613\u8d37CYD JK 43004 160810004']
parse_rongdiya_toubiaohttps://www.rjs.com/invest/61897.html
[u'\u878d\xa0\xb7\xa0\u62b5\u62bc\u7cfb\u5217\uff1a\u4e2d\u5c0f\u4f01\u4e1a-\u8f66\u6613\u8d37CYD JK 44005 160811002']
parse_rongdiya_toubiaohttps://www.rjs.com/invest/61898.html
[u'\u878d\xa0\xb7\xa0\u62b5\u62bc\u7cfb\u5217\uff1a\u4e2d\u5c0f\u4f01\u4e1a-\u8f66\u6613\u8d37CYD JK 44001 160811010']
parse_rongdiya_toubiaohttps://www.rjs.com/invest/61900.html
[u'\u878d\xa0\xb7\xa0\u62b5\u62bc\u7cfb\u5217\uff1a\u4e2d\u5c0f\u4f01\u4e1a-\u8f66\u6613\u8d37CYD JK 35029 160309001']
parse_rongdiya_toubiaohttps://www.rjs.com/invest/61903.html
[u'\u2016-08-12 16:13:18 [scrapy] DEBUG: Scraped from <200 https://www.rjs.com/invest/61903.html>
None
2016-08-12 16:13:21 [scrapy] DEBUG: Crawled (200) <GET https://www.rjs.com/invest/61904.html> (referer: None)
2016-08-12 16:13:21 [scrapy] DEBUG: Scraped from <200 https://www.rjs.com/invest/61904.html>
None
2016-08-12 16:13:23 [scrapy] DEBUG: Crawled (200) <GET https://www.rjs.com/invest/61906.html> (referer: None)
2016-08-12 16:13:23 [scrapy] DEBUG: Scraped from <200 https://www.rjs.com/invest/61906.html>
None
2016-08-12 16:13:24 [scrapy] INFO: Crawled 25 pages (at 25 pages/min), scraped 24 items (at 24 items/min)
2016-08-12 16:13:26 [scrapy] DEBUG: Crawled (200) <GET https://www.rjs.com/invest/61907.html> (referer: None)
2016-08-12 16:13:26 [scrapy] DEBUG: Scraped from <200 https://www.rjs.com/invest/61907.html>
None
2016-08-12 16:13:28 [scrapy] DEBUG: Crawled (200) <GET https://www.rjs.com/invest/61908.html> (referer: None)
2016-08-12 16:13:28 [scrapy] DEBUG: Scraped from <200 https://www.rjs.com/invest/61908.html>
None
2016-08-12 16:13:31 [scrapy] DEBUG: Crawled (200) <GET https://www.rjs.com/invest/61909.html> (referer: None)
2016-08-12 16:13:31 [scrapy] DEBUG: Scraped from <200 https://www.rjs.com/invest/61909.html>
None
2016-08-12 16:13:33 [scrapy] DEBUG: Crawled (200) <GET https://www.rjs.com/invest/61911.html> (referer: None)
2016-08-12 16:13:33 [scrapy] DEBUG: Scraped from <200 https://www.rjs.com/invest/61911.html>
None
2016-08-12 16:13:36 [scrapy] DEBUG: Crawled (200) <GET https://www.rjs.com/invest/61913.html> (referer: None)
2016-08-12 16:13:36 [scrapy] DEBUG: Scraped from <200 https://www.rjs.com/invest/61913.html>
None
2016-08-12 16:13:39 [scrapy] DEBUG: Crawled (200) <GET https://www.rjs.com/invest/61914.html> (referer: None)
2016-08-12 16:13:39 [scrapy] DEBUG: Scraped from <200 https://www.rjs.com/invest/61914.html>
None
2016-08-12 16:13:42 [scrapy] DEBUG: Crawled (200) <GET https://www.rjs.com/invest/61915.html> (referer: None)
2016-08-12 16:13:42 [scrapy] DEBUG: Scraped from <200 https://www.rjs.com/invest/61915.html>
None
2016-08-12 16:13:44 [scrapy] DEBUG: Crawled (200) <GET https://www.rjs.com/invest/61917.html> (referer: None)
2016-08-12 16:13:45 [scrapy] DEBUG: Scraped from <200 https://www.rjs.com/invest/61917.html>
None
2016-08-12 16:13:47 [scrapy] DEBUG: Crawled (200) <GET https://www.rjs.com/invest/61919.html> (referer: None)
2016-08-12 16:13:47 [scrapy] DEBUG: Scraped from <200 https://www.rjs.com/invest/61919.html>
None
2016-08-12 16:13:50 [scrapy] DEBUG: Crawled (200) <GET https://www.rjs.com/invest/61920.html> (referer: None)
2016-08-12 16:13:50 [scrapy] DEBUG: Scraped from <200 https://www.rjs.com/invest/61920.html>
None
2016-08-12 16:13:53 [scrapy] DEBUG: Crawled (200) <GET https://www.rjs.com/invest/61921.html> (referer: None)
2016-08-12 16:13:53 [scrapy] DEBUG: Scraped from <200 https://www.rjs.com/invest/61921.html>
None
2016-08-12 16:13:55 [scrapy] DEBUG: Crawled (200) <GET https://www.rjs.com/invest/61922.html> (referer: None)
2016-08-12 16:13:55 [scrapy] DEBUG: Scraped from <200 https://www.rjs.com/invest/61922.html>
None
2016-08-12 16:13:58 [scrapy] DEBUG: Crawled (200) <GET https://www.rjs.com/invest/61923.html> (referer: None)
2016-08-12 16:13:58 [scrapy] DEBUG: Scraped from <200 https://www.rjs.com/invest/61923.html>
None
2016-08-12 16:14:01 [scrapy] DEBUG: Crawled (200) <GET https://www.rjs.com/invest/61924.html> (referer: None)
2016-08-12 16:14:01 [scrapy] DEBUG: Scraped from <200 https://www.rjs.com/invest/61924.html>
None
2016-08-12 16:14:03 [scrapy] DEBUG: Crawled (200) <GET https://www.rjs.com/invest/61925.html> (referer: None)
2016-08-12 16:14:03 [scrapy] DEBUG: Scraped from <200 https://www.rjs.com/invest/61925.html>
None
2016-08-12 16:14:05 [scrapy] DEBUG: Crawled (200) <GET https://www.rjs.com/invest/61926.html> (referer: None)
2016-08-12 16:14:05 [scrapy] DEBUG: Scraped from <200 https://www.rjs.com/invest/61926.html>
None
2016-08-12 16:14:07 [scrapy] DEBUG: Crawled (200) <GET https://www.rjs.com/invest/61928.html> (referer: None)
2016-08-12 16:14:07 [scrapy] DEBUG: Scraped from <200 https://www.rjs.com/invest/61928.html>
None
2016-08-12 16:14:09 [scrapy] DEBUG: Crawled (200) <GET https://www.rjs.com/invest/61930.html> (referer: None)
2016-08-12 16:14:09 [scrapy] DEBUG: Scraped from <200 https://www.rjs.com/invest/61930.html>
None
2016-08-12 16:14:11 [scrapy] DEBUG: Crawled (200) <GET https://www.rjs.com/invest/61932.html> (referer: None)
2016-08-12 16:14:12 [scrapy] DEBUG: Scraped from <200 https://www.rjs.com/invest/61932.html>
None
2016-08-12 16:14:13 [scrapy] DEBUG: Crawled (200) <GET https://www.rjs.com/invest/61934.html> (referer: None)
2016-08-12 16:14:13 [scrapy] DEBUG: Scraped from <200 https://www.rjs.com/invest/61934.html>
None
2016-08-12 16:14:16 [scrapy] DEBUG: Crawled (200) <GET https://www.rjs.com/invest/61935.html> (referer: None)
878d\xa0\xb7\xa0\u62b5\u62bc\u7cfb\u5217\uff1a\u4e2d\u5c0f\u4f01\u4e1a-\u8f66\u6613\u8d37CYD JK 44010 160503001']
parse_rongdiya_toubiaohttps://www.rjs.com/invest/61904.html
[u'\u878d\xa0\xb7\xa0\u62b5\u62bc\u7cfb\u5217\uff1a\u4e2d\u5c0f\u4f01\u4e1a-\u8f66\u6613\u8d37CYD JK 44012 160811004']
parse_rongdiya_toubiaohttps://www.rjs.com/invest/61906.html
[u'\u878d\xa0\xb7\xa0\u62b5\u62bc\u7cfb\u5217\uff1a\u4e2d\u5c0f\u4f01\u4e1a-\u8f66\u6613\u8d37CYD JK 44003 151204004']
parse_rongdiya_toubiaohttps://www.rjs.com/invest/61907.html
[u'\u878d\xa0\xb7\xa0\u62b5\u62bc\u7cfb\u5217\uff1a\u4e2d\u5c0f\u4f01\u4e1a-\u8f66\u6613\u8d37CYD JK 45016 160811002']
parse_rongdiya_toubiaohttps://www.rjs.com/invest/61908.html
[u'\u878d\xa0\xb7\xa0\u62b5\u62bc\u7cfb\u5217\uff1a\u4e2d\u5c0f\u4f01\u4e1a-\u8f66\u6613\u8d37CYD JK 44019 160810003']
parse_rongdiya_toubiaohttps://www.rjs.com/invest/61909.html
[u'\u878d\xa0\xb7\xa0\u62b5\u62bc\u7cfb\u5217\uff1a\u4e2d\u5c0f\u4f01\u4e1a-\u8f66\u6613\u8d37AHHF20150723CDCDJK834']
parse_rongdiya_toubiaohttps://www.rjs.com/invest/61911.html
[u'\u878d\xa0\xb7\xa0\u62b5\u62bc\u7cfb\u5217\uff1a\u4e2d\u5c0f\u4f01\u4e1a-\u8f66\u6613\u8d37CYD JK 22015 151111002']
parse_rongdiya_toubiaohttps://www.rjs.com/invest/61913.html
[u'\u878d\xa0\xb7\xa0\u62b5\u62bc\u7cfb\u5217\uff1a\u4e2d\u5c0f\u4f01\u4e1a-\u8f66\u6613\u8d37CYD JK 32013 160811001']
parse_rongdiya_toubiaohttps://www.rjs.com/invest/61914.html
[u'\u878d\xa0\xb7\xa0\u62b5\u62bc\u7cfb\u5217\uff1a\u4e2d\u5c0f\u4f01\u4e1a-\u8f66\u6613\u8d37CYD JK 36041 160811001']
parse_rongdiya_toubiaohttps://www.rjs.com/invest/61915.html
[u'\u878d\xa0\xb7\xa0\u62b5\u62bc\u7cfb\u5217\uff1a\u4e2d\u5c0f\u4f01\u4e1a-\u8f66\u6613\u8d37CYD JK 45023 160301005']
parse_rongdiya_toubiaohttps://www.rjs.com/invest/61917.html
[u'\u878d\xa0\xb7\xa0\u62b5\u62bc\u7cfb\u5217\uff1a\u4e2d\u5c0f\u4f01\u4e1a-\u8f66\u6613\u8d37CYD JK 44003 150908002']
parse_rongdiya_toubiaohttps://www.rjs.com/invest/61919.html
[u'\u878d\xa0\xb7\xa0\u62b5\u62bc\u7cfb\u5217\uff1a\u4e2d\u5c0f\u4f01\u4e1a-\u8f66\u6613\u8d37CYD JK 44003 151207001']
parse_rongdiya_toubiaohttps://www.rjs.com/invest/61920.html
[u'\u878d\xa0\xb7\xa0\u62b5\u62bc\u7cfb\u5217\uff1a\u4e2d\u5c0f\u4f01\u4e1a-\u8f66\u6613\u8d37CYD JK 44001 151204006']
parse_rongdiya_toubiaohttps://www.rjs.com/invest/61921.html
[u'\u878d\xa0\xb7\xa0\u62b5\u62bc\u7cfb\u5217\uff1a\u4e2d\u5c0f\u4f01\u4e1a-\u8f66\u6613\u8d37CYD JK 44001 151009009']
parse_rongdiya_toubiaohttps://www.rjs.com/invest/61922.html
[u'\u878d\xa0\xb7\xa0\u62b5\u62bc\u7cfb\u5217\uff1a\u4e2d\u5c0f\u4f01\u4e1a-\u8f66\u6613\u8d37CYD JK 44003 151110002']
parse_rongdiya_toubiaohttps://www.rjs.com/invest/61923.html
[u'\u878d\xa0\xb7\xa0\u62b5\u62bc\u7cfb\u5217\uff1a\u4e2d\u5c0f\u4f01\u4e1a-\u8f66\u6613\u8d37CYD JK 44012 160307002']
parse_rongdiya_toubiaohttps://www.rjs.com/invest/61924.html
[u'\u878d\xa0\xb7\xa0\u62b5\u62bc\u7cfb\u5217\uff1a\u4e2d\u5c0f\u4f01\u4e1a-\u8f66\u6613\u8d37CYD JK 43004 151130002']
parse_rongdiya_toubiaohttps://www.rjs.com/invest/61925.html
[u'\u878d\xa0\xb7\xa0\u62b5\u62bc\u7cfb\u5217\uff1a\u4e2d\u5c0f\u4f01\u4e1a-\u8f66\u6613\u8d37CYD JK 44005 160810002']
parse_rongdiya_toubiaohttps://www.rjs.com/invest/61926.html
[u'\u878d\xa0\xb7\xa0\u62b5\u62bc\u7cfb\u5217\uff1a\u4e2d\u5c0f\u4f01\u4e1a-\u8f66\u6613\u8d37CYD JK 44010 151111002']
parse_rongdiya_toubiaohttps://www.rjs.com/invest/61928.html
[u'\u878d\xa0\xb7\xa0\u62b5\u62bc\u7cfb\u5217\uff1a\u4e2d\u5c0f\u4f01\u4e1a-\u8f66\u6613\u8d37CYD JK 35030 160811002']
parse_rongdiya_toubiaohttps://www.rjs.com/invest/61930.html
[u'\u878d\xa0\xb7\xa0\u62b5\u62bc\u7cfb\u5217\uff1a\u4e2d\u5c0f\u4f01\u4e1a-\u8f66\u6613\u8d37CYD JK 33034 151207004']
parse_rongdiya_toubiaohttps://www.rjs.com/invest/61932.html
[u'\u878d\xa0\xb7\xa0\u62b5\u62bc\u7cfb\u5217\uff1a\u4e2d\u5c0f\u4f01\u4e1a-\u8f66\u6613\u8d37CYD JK 22015 151208003']
parse_rongdiya_toubiaohttps://www.rjs.com/invest/61934.html
[u'\u878d\xa0\xb7\xa0\u62b5\u62bc\u7cfb\u5217\uff1a\u4e2d\u5c0f\u4f01\u4e1a-\u8f66\u6613\u8d37CYD JK 44001 160408007']
parse_rongdiya_toubiaohttps://www.rjs.com/inv2016-08-12 16:14:16 [scrapy] DEBUG: Scraped from <200 https://www.rjs.com/invest/61935.html>
None
2016-08-12 16:14:18 [scrapy] DEBUG: Crawled (200) <GET https://www.rjs.com/invest/61936.html> (referer: None)
2016-08-12 16:14:18 [scrapy] DEBUG: Scraped from <200 https://www.rjs.com/invest/61936.html>
None
2016-08-12 16:14:20 [scrapy] DEBUG: Crawled (200) <GET https://www.rjs.com/invest/61937.html> (referer: None)
2016-08-12 16:14:20 [scrapy] DEBUG: Scraped from <200 https://www.rjs.com/invest/61937.html>
None
2016-08-12 16:14:23 [scrapy] DEBUG: Crawled (200) <GET https://www.rjs.com/invest/61940.html> (referer: None)
2016-08-12 16:14:23 [scrapy] DEBUG: Scraped from <200 https://www.rjs.com/invest/61940.html>
None
2016-08-12 16:14:24 [scrapy] INFO: Crawled 49 pages (at 24 pages/min), scraped 48 items (at 24 items/min)
2016-08-12 16:14:26 [scrapy] DEBUG: Crawled (200) <GET https://www.rjs.com/invest/61942.html> (referer: None)
2016-08-12 16:14:26 [scrapy] DEBUG: Scraped from <200 https://www.rjs.com/invest/61942.html>
None
2016-08-12 16:14:29 [scrapy] DEBUG: Crawled (200) <GET https://www.rjs.com/invest/61943.html> (referer: None)
2016-08-12 16:14:29 [scrapy] DEBUG: Scraped from <200 https://www.rjs.com/invest/61943.html>
None
2016-08-12 16:14:31 [scrapy] DEBUG: Crawled (200) <GET https://www.rjs.com/invest/61944.html> (referer: None)
2016-08-12 16:14:31 [scrapy] DEBUG: Scraped from <200 https://www.rjs.com/invest/61944.html>
None
2016-08-12 16:14:34 [scrapy] DEBUG: Crawled (200) <GET https://www.rjs.com/invest/61946.html> (referer: None)
2016-08-12 16:14:34 [scrapy] DEBUG: Scraped from <200 https://www.rjs.com/invest/61946.html>
None
2016-08-12 16:14:36 [scrapy] DEBUG: Crawled (200) <GET https://www.rjs.com/invest/61948.html> (referer: None)
2016-08-12 16:14:36 [scrapy] DEBUG: Scraped from <200 https://www.rjs.com/invest/61948.html>
None
2016-08-12 16:14:39 [scrapy] DEBUG: Crawled (200) <GET https://www.rjs.com/invest/61951.html> (referer: None)
2016-08-12 16:14:39 [scrapy] DEBUG: Scraped from <200 https://www.rjs.com/invest/61951.html>
None
2016-08-12 16:14:41 [scrapy] DEBUG: Crawled (200) <GET https://www.rjs.com/invest/61952.html> (referer: None)
2016-08-12 16:14:41 [scrapy] DEBUG: Scraped from <200 https://www.rjs.com/invest/61952.html>
None
2016-08-12 16:14:44 [scrapy] DEBUG: Crawled (200) <GET https://www.rjs.com/invest/61953.html> (referer: None)
2016-08-12 16:14:44 [scrapy] DEBUG: Scraped from <200 https://www.rjs.com/invest/61953.html>
None
2016-08-12 16:14:46 [scrapy] DEBUG: Crawled (200) <GET https://www.rjs.com/invest/61954.html> (referer: None)
2016-08-12 16:14:46 [scrapy] DEBUG: Scraped from <200 https://www.rjs.com/invest/61954.html>
None
2016-08-12 16:14:49 [scrapy] DEBUG: Crawled (200) <GET https://www.rjs.com/invest/61956.html> (referer: None)
2016-08-12 16:14:49 [scrapy] DEBUG: Scraped from <200 https://www.rjs.com/invest/61956.html>
None
2016-08-12 16:14:51 [scrapy] DEBUG: Crawled (200) <GET https://www.rjs.com/invest/61958.html> (referer: None)
2016-08-12 16:14:51 [scrapy] DEBUG: Scraped from <200 https://www.rjs.com/invest/61958.html>
None
2016-08-12 16:14:53 [scrapy] DEBUG: Crawled (200) <GET https://www.rjs.com/invest/61959.html> (referer: None)
2016-08-12 16:14:53 [scrapy] DEBUG: Scraped from <200 https://www.rjs.com/invest/61959.html>
None
2016-08-12 16:14:55 [scrapy] DEBUG: Crawled (200) <GET https://www.rjs.com/invest/61960.html> (referer: None)
2016-08-12 16:14:55 [scrapy] DEBUG: Scraped from <200 https://www.rjs.com/invest/61960.html>
None
2016-08-12 16:14:57 [scrapy] DEBUG: Crawled (200) <GET https://www.rjs.com/invest/61961.html> (referer: None)
2016-08-12 16:14:58 [scrapy] DEBUG: Scraped from <200 https://www.rjs.com/invest/61961.html>
None
2016-08-12 16:15:00 [scrapy] DEBUG: Crawled (200) <GET https://www.rjs.com/invest/61963.html> (referer: None)
2016-08-12 16:15:00 [scrapy] DEBUG: Scraped from <200 https://www.rjs.com/invest/61963.html>
None
2016-08-12 16:15:02 [scrapy] DEBUG: Crawled (200) <GET https://www.rjs.com/invest/61964.html> (referer: None)
2016-08-12 16:15:03 [scrapy] DEBUG: Scraped from <200 https://www.rjs.com/invest/61964.html>
None
2016-08-12 16:15:04 [scrapy] DEBUG: Crawled (200) <GET https://www.rjs.com/invest/61969.html> (referer: None)
2016-08-12 16:15:05 [scrapy] DEBUG: Scraped from <200 https://www.rjs.com/invest/61969.html>
None
2016-08-12 16:15:07 [scrapy] DEBUG: Crawled (200) <GET https://www.rjs.com/invest/61971.html> (referer: None)
2016-08-12 16:15:07 [scrapy] DEBUG: Scraped from <200 https://www.rjs.com/invest/61971.html>
None
2016-08-12 16:15:09 [scrapy] DEBUG: Crawled (200) <GET https://www.rjs.com/invest/61973.html> (referer: None)
est/61935.html
[u'\u878d\xa0\xb7\xa0\u62b5\u62bc\u7cfb\u5217\uff1a\u4e2d\u5c0f\u4f01\u4e1a-\u8f66\u6613\u8d37HNZS20150707CDCDJK531']
parse_rongdiya_toubiaohttps://www.rjs.com/invest/61936.html
[u'\u878d\xa0\xb7\xa0\u62b5\u62bc\u7cfb\u5217\uff1a\u4e2d\u5c0f\u4f01\u4e1a-\u8f66\u6613\u8d37CYD JK 51007 150909001']
parse_rongdiya_toubiaohttps://www.rjs.com/invest/61937.html
[u'\u878d\xa0\xb7\xa0\u62b5\u62bc\u7cfb\u5217\uff1a\u4e2d\u5c0f\u4f01\u4e1a-\u8f66\u6613\u8d37CYD JK 35030 160811001']
parse_rongdiya_toubiaohttps://www.rjs.com/invest/61940.html
[u'\u878d\xa0\xb7\xa0\u62b5\u62bc\u7cfb\u5217\uff1a\u4e2d\u5c0f\u4f01\u4e1a-\u8f66\u6613\u8d37CYD JK 44001 160811012']
parse_rongdiya_toubiaohttps://www.rjs.com/invest/61942.html
[u'\u878d\xa0\xb7\xa0\u62b5\u62bc\u7cfb\u5217\uff1a\u4e2d\u5c0f\u4f01\u4e1a-\u8f66\u6613\u8d37CYD JK 44001 160811015']
parse_rongdiya_toubiaohttps://www.rjs.com/invest/61943.html
[u'\u878d\xa0\xb7\xa0\u62b5\u62bc\u7cfb\u5217\uff1a\u4e2d\u5c0f\u4f01\u4e1a-\u8f66\u6613\u8d37CYD JK 44003 160808002']
parse_rongdiya_toubiaohttps://www.rjs.com/invest/61944.html
[u'\u878d\xa0\xb7\xa0\u62b5\u62bc\u7cfb\u5217\uff1a\u4e2d\u5c0f\u4f01\u4e1a-\u8f66\u6613\u8d37CYD JK 51027 160810002']
parse_rongdiya_toubiaohttps://www.rjs.com/invest/61946.html
[u'\u878d\xa0\xb7\xa0\u4fe1\u7528\u7cfb\u5217\uff1a\u4e2d\u5c0f\u4f01\u4e1a- E\u8f66\u8d37ECD JK 42011 160811001']
evaluating_price index error
record_date index error
xinghao index error
appraiser index error
parse_rongdiya_toubiaohttps://www.rjs.com/invest/61948.html
[u'\u878d\xa0\xb7\xa0\u62b5\u62bc\u7cfb\u5217\uff1a\u4e2d\u5c0f\u4f01\u4e1a-\u8f66\u6613\u8d37CYD JK 53022 160809003']
parse_rongdiya_toubiaohttps://www.rjs.com/invest/61951.html
[u'\u878d\xa0\xb7\xa0\u62b5\u62bc\u7cfb\u5217\uff1a\u4e2d\u5c0f\u4f01\u4e1a-\u8f66\u6613\u8d37CYD JK 44001 160808003']
parse_rongdiya_toubiaohttps://www.rjs.com/invest/61952.html
[u'\u878d\xa0\xb7\xa0\u62b5\u62bc\u7cfb\u5217\uff1a\u4e2d\u5c0f\u4f01\u4e1a-\u8f66\u6613\u8d37CYD JK 44001 160811016']
parse_rongdiya_toubiaohttps://www.rjs.com/invest/61953.html
[u'\u878d\xa0\xb7\xa0\u62b5\u62bc\u7cfb\u5217\uff1a\u4e2d\u5c0f\u4f01\u4e1a-\u8f66\u6613\u8d37CYD JK 41017 160809003']
parse_rongdiya_toubiaohttps://www.rjs.com/invest/61954.html
[u'\u878d\xa0\xb7\xa0\u62b5\u62bc\u7cfb\u5217\uff1a\u4e2d\u5c0f\u4f01\u4e1a-\u8f66\u6613\u8d37CYD JK 44001 160808008']
parse_rongdiya_toubiaohttps://www.rjs.com/invest/61956.html
[u'\u878d\xa0\xb7\xa0\u62b5\u62bc\u7cfb\u5217\uff1a\u4e2d\u5c0f\u4f01\u4e1a-\u8f66\u6613\u8d37CYD JK 44019 160809005']
parse_rongdiya_toubiaohttps://www.rjs.com/invest/61958.html
[u'\u878d\xa0\xb7\xa0\u62b5\u62bc\u7cfb\u5217\uff1a\u4e2d\u5c0f\u4f01\u4e1a-\u8f66\u6613\u8d37CYD JK 21020 160811002']
parse_rongdiya_toubiaohttps://www.rjs.com/invest/61959.html
[u'\u878d\xa0\xb7\xa0\u62b5\u62bc\u7cfb\u5217\uff1a\u4e2d\u5c0f\u4f01\u4e1a-\u8f66\u6613\u8d37CYD JK 45016 160808003']
parse_rongdiya_toubiaohttps://www.rjs.com/invest/61960.html
[u'\u878d\xa0\xb7\xa0\u62b5\u62bc\u7cfb\u5217\uff1a\u4e2d\u5c0f\u4f01\u4e1a-\u8f66\u6613\u8d37CYD JK 53022 160811001']
parse_rongdiya_toubiaohttps://www.rjs.com/invest/61961.html
[u'\u878d\xa0\xb7\xa0\u62b5\u62bc\u7cfb\u5217\uff1a\u4e2d\u5c0f\u4f01\u4e1a-\u8f66\u6613\u8d37CYD JK 35046 160811003']
parse_rongdiya_toubiaohttps://www.rjs.com/invest/61963.html
[u'\u878d\xa0\xb7\xa0\u62b5\u62bc\u7cfb\u5217\uff1a\u4e2d\u5c0f\u4f01\u4e1a-\u8f66\u6613\u8d37CYD JK 44001 160811011']
parse_rongdiya_toubiaohttps://www.rjs.com/invest/61964.html
[u'\u878d\xa0\xb7\xa0\u62b5\u62bc\u7cfb\u5217\uff1a\u4e2d\u5c0f\u4f01\u4e1a-\u8f66\u6613\u8d37CYD JK 43004 160808002']
parse_rongdiya_toubiaohttps://www.rjs.com/invest/61969.html
[u'\u878d\xa0\xb7\xa0\u62b5\u62bc\u7cfb\u5217\uff1a\u4e2d\u5c0f\u4f01\u4e1a-\u8f66\u6613\u8d37CYD JK 44019 160808002']
parse_rongdiya_toubiaohttps://www.rjs.com/invest/61971.html
[u'\u878d\xa0\xb7\xa0\u62b5\u62bc\u7cfb\u5217\uff1a\u4e2d\u5c0f\u4f01\u4e1a-\u8f66\u6613\u8d37CYD JK 37006 160808001']
parse_rongdiya_toubiaohttps://www.rjs.com/invest/61973.html
[u'\u878d\xa0\xb7\xa0\u62b5\u62bc\u7cfb\u5217\uff1a\u2016-08-12 16:15:09 [scrapy] DEBUG: Scraped from <200 https://www.rjs.com/invest/61973.html>
None
2016-08-12 16:15:12 [scrapy] DEBUG: Crawled (200) <GET https://www.rjs.com/invest/61974.html> (referer: None)
2016-08-12 16:15:12 [scrapy] DEBUG: Scraped from <200 https://www.rjs.com/invest/61974.html>
None
2016-08-12 16:15:14 [scrapy] DEBUG: Crawled (200) <GET https://www.rjs.com/invest/61975.html> (referer: None)
2016-08-12 16:15:14 [scrapy] DEBUG: Scraped from <200 https://www.rjs.com/invest/61975.html>
None
2016-08-12 16:15:17 [scrapy] DEBUG: Crawled (200) <GET https://www.rjs.com/invest/61976.html> (referer: None)
2016-08-12 16:15:17 [scrapy] DEBUG: Scraped from <200 https://www.rjs.com/invest/61976.html>
None
2016-08-12 16:15:20 [scrapy] DEBUG: Crawled (200) <GET https://www.rjs.com/invest/61977.html> (referer: None)
2016-08-12 16:15:20 [scrapy] DEBUG: Scraped from <200 https://www.rjs.com/invest/61977.html>
None
2016-08-12 16:15:22 [scrapy] DEBUG: Crawled (200) <GET https://www.rjs.com/invest/61978.html> (referer: None)
2016-08-12 16:15:22 [scrapy] DEBUG: Scraped from <200 https://www.rjs.com/invest/61978.html>
None
2016-08-12 16:15:24 [scrapy] INFO: Crawled 73 pages (at 24 pages/min), scraped 72 items (at 24 items/min)
2016-08-12 16:15:25 [scrapy] DEBUG: Crawled (200) <GET https://www.rjs.com/invest/61979.html> (referer: None)
2016-08-12 16:15:25 [scrapy] DEBUG: Scraped from <200 https://www.rjs.com/invest/61979.html>
None
2016-08-12 16:15:27 [scrapy] DEBUG: Crawled (200) <GET https://www.rjs.com/invest/61980.html> (referer: None)
2016-08-12 16:15:28 [scrapy] DEBUG: Scraped from <200 https://www.rjs.com/invest/61980.html>
None
2016-08-12 16:15:30 [scrapy] DEBUG: Crawled (200) <GET https://www.rjs.com/invest/61981.html> (referer: None)
2016-08-12 16:15:30 [scrapy] DEBUG: Scraped from <200 https://www.rjs.com/invest/61981.html>
None
2016-08-12 16:15:33 [scrapy] DEBUG: Crawled (200) <GET https://www.rjs.com/invest/61982.html> (referer: None)
2016-08-12 16:15:33 [scrapy] DEBUG: Scraped from <200 https://www.rjs.com/invest/61982.html>
None
2016-08-12 16:15:35 [scrapy] DEBUG: Crawled (200) <GET https://www.rjs.com/invest/61983.html> (referer: None)
2016-08-12 16:15:35 [scrapy] DEBUG: Scraped from <200 https://www.rjs.com/invest/61983.html>
None
2016-08-12 16:15:38 [scrapy] DEBUG: Crawled (200) <GET https://www.rjs.com/invest/61984.html> (referer: None)
2016-08-12 16:15:38 [scrapy] DEBUG: Scraped from <200 https://www.rjs.com/invest/61984.html>
None
2016-08-12 16:15:40 [scrapy] DEBUG: Crawled (200) <GET https://www.rjs.com/invest/61985.html> (referer: None)
2016-08-12 16:15:40 [scrapy] DEBUG: Scraped from <200 https://www.rjs.com/invest/61985.html>
None
2016-08-12 16:15:43 [scrapy] DEBUG: Crawled (200) <GET https://www.rjs.com/invest/61987.html> (referer: None)
2016-08-12 16:15:43 [scrapy] DEBUG: Scraped from <200 https://www.rjs.com/invest/61987.html>
None
2016-08-12 16:15:46 [scrapy] DEBUG: Crawled (200) <GET https://www.rjs.com/invest/61988.html> (referer: None)
2016-08-12 16:15:46 [scrapy] DEBUG: Scraped from <200 https://www.rjs.com/invest/61988.html>
None
2016-08-12 16:15:48 [scrapy] DEBUG: Crawled (200) <GET https://www.rjs.com/invest/61989.html> (referer: None)
2016-08-12 16:15:49 [scrapy] DEBUG: Scraped from <200 https://www.rjs.com/invest/61989.html>
None
2016-08-12 16:15:51 [scrapy] DEBUG: Crawled (200) <GET https://www.rjs.com/invest/61990.html> (referer: None)
2016-08-12 16:15:51 [scrapy] DEBUG: Scraped from <200 https://www.rjs.com/invest/61990.html>
None
2016-08-12 16:15:54 [scrapy] DEBUG: Crawled (200) <GET https://www.rjs.com/invest/61991.html> (referer: None)
2016-08-12 16:15:54 [scrapy] DEBUG: Scraped from <200 https://www.rjs.com/invest/61991.html>
None
2016-08-12 16:15:56 [scrapy] DEBUG: Crawled (200) <GET https://www.rjs.com/invest/61992.html> (referer: None)
2016-08-12 16:15:56 [scrapy] DEBUG: Scraped from <200 https://www.rjs.com/invest/61992.html>
None
2016-08-12 16:15:58 [scrapy] DEBUG: Crawled (200) <GET https://www.rjs.com/invest/61993.html> (referer: None)
2016-08-12 16:15:58 [scrapy] DEBUG: Scraped from <200 https://www.rjs.com/invest/61993.html>
None
2016-08-12 16:16:01 [scrapy] DEBUG: Crawled (200) <GET https://www.rjs.com/invest/61994.html> (referer: None)
2016-08-12 16:16:01 [scrapy] DEBUG: Scraped from <200 https://www.rjs.com/invest/61994.html>
None
2016-08-12 16:16:03 [scrapy] DEBUG: Crawled (200) <GET https://www.rjs.com/invest/61995.html> (referer: None)
4e2d\u5c0f\u4f01\u4e1a-\u8f66\u6613\u8d37CYD JK 44010 160809001']
parse_rongdiya_toubiaohttps://www.rjs.com/invest/61974.html
[u'\u878d\xa0\xb7\xa0\u62b5\u62bc\u7cfb\u5217\uff1a\u4e2d\u5c0f\u4f01\u4e1a-\u8f66\u6613\u8d37CYD JK 44001 160810001']
parse_rongdiya_toubiaohttps://www.rjs.com/invest/61975.html
[u'\u878d\xa0\xb7\xa0\u62b5\u62bc\u7cfb\u5217\uff1a\u4e2d\u5c0f\u4f01\u4e1a-\u8f66\u6613\u8d37CYD JK 51027 160810001']
parse_rongdiya_toubiaohttps://www.rjs.com/invest/61976.html
[u'\u878d\xa0\xb7\xa0\u62b5\u62bc\u7cfb\u5217\uff1a\u4e2d\u5c0f\u4f01\u4e1a-\u8f66\u6613\u8d37CYD JK 43004 160809001']
parse_rongdiya_toubiaohttps://www.rjs.com/invest/61977.html
[u'\u878d\xa0\xb7\xa0\u62b5\u62bc\u7cfb\u5217\uff1a\u4e2d\u5c0f\u4f01\u4e1a-\u8f66\u6613\u8d37CYD JK 44003 160810003']
parse_rongdiya_toubiaohttps://www.rjs.com/invest/61978.html
[u'\u878d\xa0\xb7\xa0\u62b5\u62bc\u7cfb\u5217\uff1a\u4e2d\u5c0f\u4f01\u4e1a-\u8f66\u6613\u8d37CYD JK 36018 160810001']
parse_rongdiya_toubiaohttps://www.rjs.com/invest/61979.html
[u'\u878d\xa0\xb7\xa0\u62b5\u62bc\u7cfb\u5217\uff1a\u4e2d\u5c0f\u4f01\u4e1a-\u8f66\u6613\u8d37CYD JK 14038 160811003']
parse_rongdiya_toubiaohttps://www.rjs.com/invest/61980.html
[u'\u878d\xa0\xb7\xa0\u62b5\u62bc\u7cfb\u5217\uff1a\u4e2d\u5c0f\u4f01\u4e1a-\u8f66\u6613\u8d37CYD JK 41017 160411002']
parse_rongdiya_toubiaohttps://www.rjs.com/invest/61981.html
[u'\u878d\xa0\xb7\xa0\u62b5\u62bc\u7cfb\u5217\uff1a\u4e2d\u5c0f\u4f01\u4e1a-\u8f66\u6613\u8d37CYD JK 41017 160809002']
parse_rongdiya_toubiaohttps://www.rjs.com/invest/61982.html
[u'\u878d\xa0\xb7\xa0\u62b5\u62bc\u7cfb\u5217\uff1a\u4e2d\u5c0f\u4f01\u4e1a-\u8f66\u6613\u8d37CYD JK 53022 151111001']
parse_rongdiya_toubiaohttps://www.rjs.com/invest/61983.html
[u'\u878d\xa0\xb7\xa0\u62b5\u62bc\u7cfb\u5217\uff1a\u4e2d\u5c0f\u4f01\u4e1a-\u8f66\u6613\u8d37CYD JK 35046 160811001']
parse_rongdiya_toubiaohttps://www.rjs.com/invest/61984.html
[u'\u878d\xa0\xb7\xa0\u62b5\u62bc\u7cfb\u5217\uff1a\u4e2d\u5c0f\u4f01\u4e1a-\u623f\u6613\u8d37FYD JK 44001 160812001']
parse_rongdiya_toubiaohttps://www.rjs.com/invest/61985.html
[u'\u878d\xa0\xb7\xa0\u62b5\u62bc\u7cfb\u5217\uff1a\u4e2d\u5c0f\u4f01\u4e1a-\u623f\u6613\u8d37FYD JK 44001 160812002']
parse_rongdiya_toubiaohttps://www.rjs.com/invest/61987.html
[u'\u878d\xa0\xb7\xa0\u62b5\u62bc\u7cfb\u5217\uff1a\u4e2d\u5c0f\u4f01\u4e1a-\u8f66\u6613\u8d37CYD JK 46042 160811002']
parse_rongdiya_toubiaohttps://www.rjs.com/invest/61988.html
[u'\u878d\xa0\xb7\xa0\u4fe1\u7528\u7cfb\u5217\uff1a\u4e2d\u5c0f\u4f01\u4e1a- E\u8f66\u8d37ECD JK 51027 160812001']
evaluating_price index error
record_date index error
xinghao index error
appraiser index error
parse_rongdiya_toubiaohttps://www.rjs.com/invest/61989.html
[u'\u878d\xa0\xb7\xa0\u62b5\u62bc\u7cfb\u5217\uff1a\u4e2d\u5c0f\u4f01\u4e1a-\u8f66\u6613\u8d37CYD JK 44001 160811001']
parse_rongdiya_toubiaohttps://www.rjs.com/invest/61990.html
[u'\u878d\xa0\xb7\xa0\u62b5\u62bc\u7cfb\u5217\uff1a\u4e2d\u5c0f\u4f01\u4e1a-\u8f66\u6613\u8d37CYD JK 43001 160803001']
borrower index error
gender index error
mariage index error
education index error
borrowing_type index error
id_number index error
age index error
working_year index error
present_address index error
native_place index eror
parse_rongdiya_toubiaohttps://www.rjs.com/invest/61991.html
[u'\u878d\xa0\xb7\xa0\u62b5\u62bc\u7cfb\u5217\uff1a\u4e2d\u5c0f\u4f01\u4e1a-\u8f66\u6613\u8d37CYD JK 45016 160811003']
parse_rongdiya_toubiaohttps://www.rjs.com/invest/61992.html
[u'\u878d\xa0\xb7\xa0\u62b5\u62bc\u7cfb\u5217\uff1a\u4e2d\u5c0f\u4f01\u4e1a-\u8f66\u6613\u8d37CYD JK 44010 160811001']
parse_rongdiya_toubiaohttps://www.rjs.com/invest/61993.html
[u'\u878d\xa0\xb7\xa0\u62b5\u62bc\u7cfb\u5217\uff1a\u4e2d\u5c0f\u4f01\u4e1a-\u8f66\u6613\u8d37CYD JK 44003 160811003']
parse_rongdiya_toubiaohttps://www.rjs.com/invest/61994.html
[u'\u878d\xa0\xb7\xa0\u62b5\u62bc\u7cfb\u5217\uff1a\u4e2d\u5c0f\u4f01\u4e1a-\u8f66\u6613\u8d37CYD JK 35029 150911003']
parse_rongdiya_toubiaohttps://www.rjs.com/invest/61995.html
[u'\u878d\xa0\xb7\xa0\u62b5\u62bc\u7cfb\u5217\uff1a\u4e2d\u5c0f\u4f01\u4e1a2016-08-12 16:16:04 [scrapy] DEBUG: Scraped from <200 https://www.rjs.com/invest/61995.html>
None
2016-08-12 16:16:06 [scrapy] DEBUG: Crawled (200) <GET https://www.rjs.com/invest/61996.html> (referer: None)
2016-08-12 16:16:07 [scrapy] DEBUG: Scraped from <200 https://www.rjs.com/invest/61996.html>
None
2016-08-12 16:16:08 [scrapy] DEBUG: Crawled (200) <GET https://www.rjs.com/invest/61997.html> (referer: None)
2016-08-12 16:16:09 [scrapy] DEBUG: Scraped from <200 https://www.rjs.com/invest/61997.html>
None
2016-08-12 16:16:11 [scrapy] DEBUG: Crawled (200) <GET https://www.rjs.com/invest/61999.html> (referer: None)
2016-08-12 16:16:11 [scrapy] DEBUG: Scraped from <200 https://www.rjs.com/invest/61999.html>
None
2016-08-12 16:16:13 [scrapy] DEBUG: Crawled (200) <GET https://www.rjs.com/invest/62002.html> (referer: None)
2016-08-12 16:16:13 [scrapy] DEBUG: Scraped from <200 https://www.rjs.com/invest/62002.html>
None
2016-08-12 16:16:16 [scrapy] DEBUG: Crawled (200) <GET https://www.rjs.com/invest/62003.html> (referer: None)
2016-08-12 16:16:16 [scrapy] DEBUG: Scraped from <200 https://www.rjs.com/invest/62003.html>
None
2016-08-12 16:16:18 [scrapy] DEBUG: Crawled (200) <GET https://www.rjs.com/invest/62004.html> (referer: None)
2016-08-12 16:16:18 [scrapy] DEBUG: Scraped from <200 https://www.rjs.com/invest/62004.html>
None
2016-08-12 16:16:20 [scrapy] DEBUG: Crawled (200) <GET https://www.rjs.com/invest/62005.html> (referer: None)
2016-08-12 16:16:20 [scrapy] DEBUG: Scraped from <200 https://www.rjs.com/invest/62005.html>
None
2016-08-12 16:16:22 [scrapy] DEBUG: Crawled (200) <GET https://www.rjs.com/invest/62006.html> (referer: None)
2016-08-12 16:16:22 [scrapy] DEBUG: Scraped from <200 https://www.rjs.com/invest/62006.html>
None
2016-08-12 16:16:24 [scrapy] INFO: Crawled 97 pages (at 24 pages/min), scraped 96 items (at 24 items/min)
2016-08-12 16:16:24 [scrapy] DEBUG: Crawled (200) <GET https://www.rjs.com/invest/62007.html> (referer: None)
2016-08-12 16:16:24 [scrapy] DEBUG: Scraped from <200 https://www.rjs.com/invest/62007.html>
None
2016-08-12 16:16:26 [scrapy] DEBUG: Crawled (200) <GET https://www.rjs.com/invest/62008.html> (referer: None)
2016-08-12 16:16:26 [scrapy] DEBUG: Scraped from <200 https://www.rjs.com/invest/62008.html>
None
2016-08-12 16:16:28 [scrapy] DEBUG: Crawled (200) <GET https://www.rjs.com/invest/62009.html> (referer: None)
2016-08-12 16:16:28 [scrapy] DEBUG: Scraped from <200 https://www.rjs.com/invest/62009.html>
None
2016-08-12 16:16:31 [scrapy] DEBUG: Crawled (200) <GET https://www.rjs.com/invest/62010.html> (referer: None)
2016-08-12 16:16:31 [scrapy] DEBUG: Scraped from <200 https://www.rjs.com/invest/62010.html>
None
2016-08-12 16:16:32 [scrapy] DEBUG: Crawled (200) <GET https://www.rjs.com/invest/62011.html> (referer: None)
2016-08-12 16:16:32 [scrapy] DEBUG: Scraped from <200 https://www.rjs.com/invest/62011.html>
None
2016-08-12 16:16:34 [scrapy] DEBUG: Crawled (200) <GET https://www.rjs.com/invest/62013.html> (referer: None)
2016-08-12 16:16:34 [scrapy] DEBUG: Scraped from <200 https://www.rjs.com/invest/62013.html>
None
2016-08-12 16:16:37 [scrapy] DEBUG: Crawled (200) <GET https://www.rjs.com/invest/62014.html> (referer: None)
2016-08-12 16:16:37 [scrapy] DEBUG: Scraped from <200 https://www.rjs.com/invest/62014.html>
None
2016-08-12 16:16:40 [scrapy] DEBUG: Crawled (200) <GET https://www.rjs.com/invest/62015.html> (referer: None)
2016-08-12 16:16:40 [scrapy] DEBUG: Scraped from <200 https://www.rjs.com/invest/62015.html>
None
2016-08-12 16:16:42 [scrapy] DEBUG: Crawled (200) <GET https://www.rjs.com/invest/62016.html> (referer: None)
2016-08-12 16:16:42 [scrapy] DEBUG: Scraped from <200 https://www.rjs.com/invest/62016.html>
None
2016-08-12 16:16:45 [scrapy] DEBUG: Crawled (200) <GET https://www.rjs.com/invest/62018.html> (referer: None)
2016-08-12 16:16:45 [scrapy] DEBUG: Scraped from <200 https://www.rjs.com/invest/62018.html>
None
2016-08-12 16:16:47 [scrapy] DEBUG: Crawled (200) <GET https://www.rjs.com/invest/62019.html> (referer: None)
2016-08-12 16:16:47 [scrapy] DEBUG: Scraped from <200 https://www.rjs.com/invest/62019.html>
None
2016-08-12 16:16:50 [scrapy] DEBUG: Crawled (200) <GET https://www.rjs.com/invest/62021.html> (referer: None)
2016-08-12 16:16:50 [scrapy] DEBUG: Scraped from <200 https://www.rjs.com/invest/62021.html>
None
2016-08-12 16:16:53 [scrapy] DEBUG: Crawled (200) <GET https://www.rjs.com/invest/62023.html> (referer: None)
2016-08-12 16:16:53 [scrapy] DEBUG: Scraped from <200 https://www.rjs.com/invest/62023.html>
None
2016-08-12 16:16:55 [scrapy] DEBUG: Crawled (200) <GET https://www.rjs.com/invest/62025.html> (referer: None)
-\u8f66\u6613\u8d37CYD JK 22015 160811002']
parse_rongdiya_toubiaohttps://www.rjs.com/invest/61996.html
[u'\u878d\xa0\xb7\xa0\u62b5\u62bc\u7cfb\u5217\uff1a\u4e2d\u5c0f\u4f01\u4e1a-\u8f66\u6613\u8d37CYD JK 51347 160811003']
parse_rongdiya_toubiaohttps://www.rjs.com/invest/61997.html
[u'\u878d\xa0\xb7\xa0\u4fe1\u7528\u7cfb\u5217\uff1a\u4e2d\u5c0f\u4f01\u4e1a- E\u8f66\u8d37ECD JK 64039 160811001']
evaluating_price index error
record_date index error
xinghao index error
appraiser index error
parse_rongdiya_toubiaohttps://www.rjs.com/invest/61999.html
[u'\u878d\xa0\xb7\xa0\u62b5\u62bc\u7cfb\u5217\uff1a\u4e2d\u5c0f\u4f01\u4e1a-\u8f66\u6613\u8d37CYD JK 44010 160804002']
parse_rongdiya_toubiaohttps://www.rjs.com/invest/62002.html
[u'\u878d\xa0\xb7\xa0\u62b5\u62bc\u7cfb\u5217\uff1a\u4e2d\u5c0f\u4f01\u4e1a-\u8f66\u6613\u8d37CYD JK 52021 160811003']
parse_rongdiya_toubiaohttps://www.rjs.com/invest/62003.html
[u'\u878d\xa0\xb7\xa0\u62b5\u62bc\u7cfb\u5217\uff1a\u4e2d\u5c0f\u4f01\u4e1a-\u8f66\u6613\u8d37CYD JK 32033 160811001']
parse_rongdiya_toubiaohttps://www.rjs.com/invest/62004.html
[u'\u878d\xa0\xb7\xa0\u4fe1\u7528\u7cfb\u5217\uff1a\u4e2d\u5c0f\u4f01\u4e1a- E\u8f66\u8d37ECD JK 11026 160812001']
evaluating_price index error
record_date index error
xinghao index error
appraiser index error
parse_rongdiya_toubiaohttps://www.rjs.com/invest/62005.html
[u'\u878d\xa0\xb7\xa0\u62b5\u62bc\u7cfb\u5217\uff1a\u4e2d\u5c0f\u4f01\u4e1a-\u8f66\u6613\u8d37CYD JK 44001 160811013']
parse_rongdiya_toubiaohttps://www.rjs.com/invest/62006.html
[u'\u878d\xa0\xb7\xa0\u62b5\u62bc\u7cfb\u5217\uff1a\u4e2d\u5c0f\u4f01\u4e1a-\u8f66\u6613\u8d37CYD JK 44012 160809002']
parse_rongdiya_toubiaohttps://www.rjs.com/invest/62007.html
[u'\u878d\xa0\xb7\xa0\u62b5\u62bc\u7cfb\u5217\uff1a\u4e2d\u5c0f\u4f01\u4e1a-\u8f66\u6613\u8d37CYD JK 35029 160811003']
parse_rongdiya_toubiaohttps://www.rjs.com/invest/62008.html
[u'\u878d\xa0\xb7\xa0\u62b5\u62bc\u7cfb\u5217\uff1a\u4e2d\u5c0f\u4f01\u4e1a-\u8f66\u6613\u8d37CYD JK 44008 151207002']
parse_rongdiya_toubiaohttps://www.rjs.com/invest/62009.html
[u'\u878d\xa0\xb7\xa0\u62b5\u62bc\u7cfb\u5217\uff1a\u4e2d\u5c0f\u4f01\u4e1a-\u8f66\u6613\u8d37CYD JK 44005 151013006']
parse_rongdiya_toubiaohttps://www.rjs.com/invest/62010.html
[u'\u878d\xa0\xb7\xa0\u62b5\u62bc\u7cfb\u5217\uff1a\u4e2d\u5c0f\u4f01\u4e1a-\u8f66\u6613\u8d37CYD JK 43004 160810002']
parse_rongdiya_toubiaohttps://www.rjs.com/invest/62011.html
[u'\u878d\xa0\xb7\xa0\u62b5\u62bc\u7cfb\u5217\uff1a\u4e2d\u5c0f\u4f01\u4e1a-\u8f66\u6613\u8d37CYD JK 44003 151210003']
parse_rongdiya_toubiaohttps://www.rjs.com/invest/62013.html
[u'\u878d\xa0\xb7\xa0\u62b5\u62bc\u7cfb\u5217\uff1a\u4e2d\u5c0f\u4f01\u4e1a-\u8f66\u6613\u8d37GDDG20150713CDCDJK302']
parse_rongdiya_toubiaohttps://www.rjs.com/invest/62014.html
[u'\u878d\xa0\xb7\xa0\u62b5\u62bc\u7cfb\u5217\uff1a\u4e2d\u5c0f\u4f01\u4e1a-\u8f66\u6613\u8d37CYD JK 35029 160811004']
parse_rongdiya_toubiaohttps://www.rjs.com/invest/62015.html
[u'\u878d\xa0\xb7\xa0\u62b5\u62bc\u7cfb\u5217\uff1a\u4e2d\u5c0f\u4f01\u4e1a-\u8f66\u6613\u8d37CYD JK 53022 160810002']
parse_rongdiya_toubiaohttps://www.rjs.com/invest/62016.html
[u'\u878d\xa0\xb7\xa0\u62b5\u62bc\u7cfb\u5217\uff1a\u4e2d\u5c0f\u4f01\u4e1a-\u8f66\u6613\u8d37CYD JK 53022 160810001']
parse_rongdiya_toubiaohttps://www.rjs.com/invest/62018.html
[u'\u878d\xa0\xb7\xa0\u62b5\u62bc\u7cfb\u5217\uff1a\u4e2d\u5c0f\u4f01\u4e1a-\u8f66\u6613\u8d37CYD JK 32033 160811002']
parse_rongdiya_toubiaohttps://www.rjs.com/invest/62019.html
[u'\u878d\xa0\xb7\xa0\u62b5\u62bc\u7cfb\u5217\uff1a\u4e2d\u5c0f\u4f01\u4e1a-\u8f66\u6613\u8d37CYD JK 44001 160810006']
parse_rongdiya_toubiaohttps://www.rjs.com/invest/62021.html
[u'\u878d\xa0\xb7\xa0\u62b5\u62bc\u7cfb\u5217\uff1a\u4e2d\u5c0f\u4f01\u4e1a-\u8f66\u6613\u8d37CYD JK 36018 160812001']
parse_rongdiya_toubiaohttps://www.rjs.com/invest/62023.html
[u'\u878d\xa0\xb7\xa0\u62b5\u62bc\u7cfb\u5217\uff1a\u4e2d\u5c0f\u4f01\u4e1a-\u8f66\u6613\u8d37CYD JK 45016 160811001']
parse_rongdiya_toubiaohttps://www.rjs.com/invest/62025.html
[u'\u878d\xa0\xb7\xa0\u62b5\u62bc\u7cfb\u5217\uff1a\2016-08-12 16:16:55 [scrapy] DEBUG: Scraped from <200 https://www.rjs.com/invest/62025.html>
None
2016-08-12 16:16:55 [scrapy] INFO: Closing spider (finished)
2016-08-12 16:16:55 [scrapy] INFO: Dumping Scrapy stats:
{'downloader/request_bytes': 509108,
 'downloader/request_count': 111,
 'downloader/request_method_count/GET': 111,
 'downloader/response_bytes': 4196338,
 'downloader/response_count': 111,
 'downloader/response_status_count/200': 111,
 'finish_reason': 'finished',
 'finish_time': datetime.datetime(2016, 8, 12, 8, 16, 55, 549993),
 'item_scraped_count': 110,
 'log_count/DEBUG': 222,
 'log_count/INFO': 11,
 'response_received_count': 111,
 'scheduler/dequeued': 110,
 'scheduler/dequeued/memory': 110,
 'scheduler/enqueued': 110,
 'scheduler/enqueued/memory': 110,
 'start_time': datetime.datetime(2016, 8, 12, 8, 12, 24, 237897)}
2016-08-12 16:16:55 [scrapy] INFO: Spider closed (finished)
u4e2d\u5c0f\u4f01\u4e1a-\u8f66\u6613\u8d37CYD JK 37002 160811002']
