2016-08-12 16:02:24 [scrapy] INFO: Scrapy 1.1.0 started (bot: gettoubiaourls)
2016-08-12 16:02:24 [scrapy] INFO: Overridden settings: {'NEWSPIDER_MODULE': 'gettoubiaourls.spiders', 'SPIDER_MODULES': ['gettoubiaourls.spiders'], 'ROBOTSTXT_OBEY': True, 'BOT_NAME': 'gettoubiaourls'}
2016-08-12 16:02:24 [scrapy] INFO: Enabled extensions:
['scrapy.extensions.logstats.LogStats',
 'scrapy.extensions.telnet.TelnetConsole',
 'scrapy.extensions.corestats.CoreStats']
2016-08-12 16:02:24 [scrapy] INFO: Enabled downloader middlewares:
['scrapy.downloadermiddlewares.robotstxt.RobotsTxtMiddleware',
 'scrapy.downloadermiddlewares.httpauth.HttpAuthMiddleware',
 'scrapy.downloadermiddlewares.downloadtimeout.DownloadTimeoutMiddleware',
 'scrapy.downloadermiddlewares.useragent.UserAgentMiddleware',
 'scrapy.downloadermiddlewares.retry.RetryMiddleware',
 'scrapy.downloadermiddlewares.defaultheaders.DefaultHeadersMiddleware',
 'scrapy.downloadermiddlewares.redirect.MetaRefreshMiddleware',
 'scrapy.downloadermiddlewares.httpcompression.HttpCompressionMiddleware',
 'scrapy.downloadermiddlewares.redirect.RedirectMiddleware',
 'scrapy.downloadermiddlewares.cookies.CookiesMiddleware',
 'scrapy.downloadermiddlewares.chunked.ChunkedTransferMiddleware',
 'scrapy.downloadermiddlewares.stats.DownloaderStats']
2016-08-12 16:02:24 [scrapy] INFO: Enabled spider middlewares:
['scrapy.spidermiddlewares.httperror.HttpErrorMiddleware',
 'scrapy.spidermiddlewares.offsite.OffsiteMiddleware',
 'scrapy.spidermiddlewares.referer.RefererMiddleware',
 'scrapy.spidermiddlewares.urllength.UrlLengthMiddleware',
 'scrapy.spidermiddlewares.depth.DepthMiddleware']
2016-08-12 16:02:24 [scrapy] INFO: Enabled item pipelines:
['gettoubiaourls.pipelines.GettoubiaourlsPipeline']
2016-08-12 16:02:24 [scrapy] INFO: Spider opened
2016-08-12 16:02:24 [scrapy] INFO: Crawled 0 pages (at 0 pages/min), scraped 0 items (at 0 items/min)
2016-08-12 16:02:24 [scrapy] DEBUG: Telnet console listening on 127.0.0.1:6023
2016-08-12 16:02:24 [scrapy] DEBUG: Crawled (200) <GET https://www.rjs.com/robots.txt> (referer: None)
2016-08-12 16:02:24 [scrapy] DEBUG: Crawled (200) <GET https://www.rjs.com/invest/diya/sort/asc/p/1> (referer: None)
2016-08-12 16:02:25 [py.warnings] WARNING: /home/lznwt/svn/爬虫python脚本/rongjinsuo.version_0/gettoubiaourls/gettoubiaourls/spiders/gettoubiaourls_spider.py:69: ScrapyDeprecationWarning: scrapy.selector.HtmlXPathSelector is deprecated, instantiate scrapy.Selector instead.
  hxs = HtmlXPathSelector(response)

2016-08-12 16:02:25 [py.warnings] WARNING: /home/lznwt/svn/爬虫python脚本/rongjinsuo.version_0/gettoubiaourls/gettoubiaourls/spiders/gettoubiaourls_spider.py:70: ScrapyDeprecationWarning: Call to deprecated function select. Use .xpath() instead.
  trs = hxs.select('/html/body/div[3]/div[4]/div[3]/table//tr').extract()

2016-08-12 16:02:25 [py.warnings] WARNING: /usr/local/lib/python2.7/site-packages/parsel/selector.py:191: ScrapyDeprecationWarning: scrapy.selector.HtmlXPathSelector is deprecated, instantiate scrapy.Selector instead.
  for x in result]

2016-08-12 16:02:25 [scrapy] DEBUG: Scraped from <200 https://www.rjs.com/invest/diya/sort/asc/p/1>
None
2016-08-12 16:02:25 [scrapy] DEBUG: Scraped from <200 https://www.rjs.com/invest/diya/sort/asc/p/1>
None
2016-08-12 16:02:25 [scrapy] DEBUG: Scraped from <200 https://www.rjs.com/invest/diya/sort/asc/p/1>
None
2016-08-12 16:02:25 [scrapy] DEBUG: Scraped from <200 https://www.rjs.com/invest/diya/sort/asc/p/1>
None
2016-08-12 16:02:25 [scrapy] DEBUG: Scraped from <200 https://www.rjs.com/invest/diya/sort/asc/p/1>
None
2016-08-12 16:02:25 [scrapy] DEBUG: Scraped from <200 https://www.rjs.com/invest/diya/sort/asc/p/1>
None
2016-08-12 16:02:25 [scrapy] DEBUG: Scraped from <200 https://www.rjs.com/invest/diya/sort/asc/p/1>
None
2016-08-12 16:02:25 [scrapy] DEBUG: Scraped from <200 https://www.rjs.com/invest/diya/sort/asc/p/1>
None
2016-08-12 16:02:25 [scrapy] DEBUG: Scraped from <200 https://www.rjs.com/invest/diya/sort/asc/p/1>
None
2016-08-12 16:02:25 [scrapy] DEBUG: Scraped from <200 https://www.rjs.com/invest/diya/sort/asc/p/1>
None
2016-08-12 16:02:25 [scrapy] DEBUG: Crawled (200) <GET https://www.rjs.com/invest/diya/sort/asc/p/2> (referer: None)
2016-08-12 16:02:25 [scrapy] DEBUG: Crawled (200) <GET https://www.rjs.com/invest/zl/sort/asc/p/2> (referer: None)
2016-08-12 16:02:25 [scrapy] DEBUG: Crawled (200) <GET https://www.rjs.com/invest/diya/sort/asc/p/3> (referer: None)
2016-08-12 16:02:25 [scrapy] DEBUG: Scraped from <200 https://www.rjs.com/invest/diya/sort/asc/p/2>
None
2016-08-12 16:02:25 [scrapy] DEBUG: Scraped from <200 https://www.rjs.com/invest/diya/sort/asc/p/2>
None
2016-08-12 16:02:25 [scrapy] DEBUG: Scraped from <200 https://www.rjs.com/invest/diya/sort/asc/p/2>
None
2016-08-12 16:02:25 [scrapy] DEBUG: Scraped from <200 https://www.rjs.com/invest/diya/sort/asc/p/2>
None
2016-08-12 16:02:25 [scrapy] DEBUG: Scraped from <200 https://www.rjs.com/invest/diya/sort/asc/p/2>
None
2016-08-12 16:02:25 [scrapy] DEBUG: Scraped from <200 https://www.rjs.com/invest/diya/sort/asc/p/2>
None
2016-08-12 16:02:25 [scrapy] DEBUG: Scraped from <200 https://www.rjs.com/invest/diya/sort/asc/p/2>
None
2016-08-12 16:02:25 [scrapy] DEBUG: Scraped from <200 https://www.rjs.com/invest/diya/sort/asc/p/2>
None
2016-08-12 16:02:25 [scrapy] DEBUG: Scraped from <200 https://www.rjs.com/invest/diya/sort/asc/p/2>
None
2016-08-12 16:02:25 [scrapy] DEBUG: Scraped from <200 https://www.rjs.com/invest/diya/sort/asc/p/2>
None
2016-08-12 16:02:25 [scrapy] DEBUG: Scraped from <200 https://www.rjs.com/invest/diya/sort/asc/p/3>
None
2016-08-12 16:02:25 [scrapy] DEBUG: Scraped from <200 https://www.rjs.com/invest/diya/sort/asc/p/3>
None
2016-08-12 16:02:25 [scrapy] DEBUG: Scraped from <200 https://www.rjs.com/invest/diya/sort/asc/p/3>
None
2016-08-12 16:02:25 [scrapy] DEBUG: Scraped from <200 https://www.rjs.com/invest/diya/sort/asc/p/3>
None
2016-08-12 16:02:25 [scrapy] DEBUG: Scraped from <200 https://www.rjs.com/invest/diya/sort/asc/p/3>
None
2016-08-12 16:02:25 [scrapy] DEBUG: Scraped from <200 https://www.rjs.com/invest/diya/sort/asc/p/3>
None
2016-08-12 16:02:25 [scrapy] DEBUG: Scraped from <200 https://www.rjs.com/invest/diya/sort/asc/p/3>
None
2016-08-12 16:02:25 [scrapy] DEBUG: Scraped from <200 https://www.rjs.com/invest/diya/sort/asc/p/3>
None
2016-08-12 16:02:25 [scrapy] DEBUG: Scraped from <200 https://www.rjs.com/invest/diya/sort/asc/p/3>
None
2016-08-12 16:02:25 [scrapy] DEBUG: Scraped from <200 https://www.rjs.com/invest/diya/sort/asc/p/3>
None
2016-08-12 16:02:25 [scrapy] DEBUG: Crawled (200) <GET https://www.rjs.com/invest/xy/sort/asc/p/2> (referer: None)
2016-08-12 16:02:25 [scrapy] DEBUG: Crawled (200) <GET https://www.rjs.com/invest/xy/sort/asc/p/1> (referer: None)
2016-08-12 16:02:25 [scrapy] DEBUG: Crawled (200) <GET https://www.rjs.com/invest/xy/sort/asc/p/3> (referer: None)
2016-08-12 16:02:25 [scrapy] DEBUG: Scraped from <200 https://www.rjs.com/invest/xy/sort/asc/p/1>
None
2016-08-12 16:02:25 [scrapy] DEBUG: Scraped from <200 https://www.rjs.com/invest/xy/sort/asc/p/1>
None
2016-08-12 16:02:25 [scrapy] DEBUG: Scraped from <200 https://www.rjs.com/invest/xy/sort/asc/p/1>
None
2016-08-12 16:02:25 [scrapy] DEBUG: Scraped from <200 https://www.rjs.com/invest/xy/sort/asc/p/1>
None
2016-08-12 16:02:25 [scrapy] DEBUG: Scraped from <200 https://www.rjs.com/invest/xy/sort/asc/p/1>
None
2016-08-12 16:02:25 [scrapy] DEBUG: Scraped from <200 https://www.rjs.com/invest/xy/sort/asc/p/1>
None
2016-08-12 16:02:25 [scrapy] DEBUG: Scraped from <200 https://www.rjs.com/invest/xy/sort/asc/p/1>
None
2016-08-12 16:02:25 [scrapy] DEBUG: Crawled (200) <GET https://www.rjs.com/invest/zl/sort/asc/p/3> (referer: None)
2016-08-12 16:02:25 [scrapy] DEBUG: Crawled (200) <GET https://www.rjs.com/invest/zl/sort/asc/p/1> (referer: None)
2016-08-12 16:02:25 [scrapy] DEBUG: Crawled (200) <GET https://www.rjs.com/invest/diya/sort/asc/p/4> (referer: None)
2016-08-12 16:02:25 [scrapy] DEBUG: Scraped from <200 https://www.rjs.com/invest/diya/sort/asc/p/4>
None
2016-08-12 16:02:25 [scrapy] DEBUG: Scraped from <200 https://www.rjs.com/invest/diya/sort/asc/p/4>
None
2016-08-12 16:02:25 [scrapy] DEBUG: Scraped from <200 https://www.rjs.com/invest/diya/sort/asc/p/4>
None
2016-08-12 16:02:25 [scrapy] DEBUG: Scraped from <200 https://www.rjs.com/invest/diya/sort/asc/p/4>
None
2016-08-12 16:02:25 [scrapy] DEBUG: Scraped from <200 https://www.rjs.com/invest/diya/sort/asc/p/4>
None
2016-08-12 16:02:25 [scrapy] DEBUG: Scraped from <200 https://www.rjs.com/invest/diya/sort/asc/p/4>
None
2016-08-12 16:02:25 [scrapy] DEBUG: Scraped from <200 https://www.rjs.com/invest/diya/sort/asc/p/4>
None
2016-08-12 16:02:25 [scrapy] DEBUG: Scraped from <200 https://www.rjs.com/invest/diya/sort/asc/p/4>
None
2016-08-12 16:02:25 [scrapy] DEBUG: Scraped from <200 https://www.rjs.com/invest/diya/sort/asc/p/4>
None
2016-08-12 16:02:25 [scrapy] DEBUG: Scraped from <200 https://www.rjs.com/invest/diya/sort/asc/p/4>
None
2016-08-12 16:02:25 [scrapy] DEBUG: Crawled (200) <GET https://www.rjs.com/invest/xy/sort/asc/p/4> (referer: None)
2016-08-12 16:02:25 [scrapy] DEBUG: Crawled (200) <GET https://www.rjs.com/invest/zl/sort/asc/p/4> (referer: None)
2016-08-12 16:02:25 [scrapy] DEBUG: Crawled (200) <GET https://www.rjs.com/invest/diya/sort/asc/p/5> (referer: None)
2016-08-12 16:02:25 [scrapy] DEBUG: Scraped from <200 https://www.rjs.com/invest/diya/sort/asc/p/5>
None
2016-08-12 16:02:25 [scrapy] DEBUG: Scraped from <200 https://www.rjs.com/invest/diya/sort/asc/p/5>
None
2016-08-12 16:02:25 [scrapy] DEBUG: Scraped from <200 https://www.rjs.com/invest/diya/sort/asc/p/5>
None
2016-08-12 16:02:25 [scrapy] DEBUG: Scraped from <200 https://www.rjs.com/invest/diya/sort/asc/p/5>
None
2016-08-12 16:02:25 [scrapy] DEBUG: Scraped from <200 https://www.rjs.com/invest/diya/sort/asc/p/5>
None
2016-08-12 16:02:25 [scrapy] DEBUG: Scraped from <200 https://www.rjs.com/invest/diya/sort/asc/p/5>
None
2016-08-12 16:02:25 [scrapy] DEBUG: Scraped from <200 https://www.rjs.com/invest/diya/sort/asc/p/5>
None
2016-08-12 16:02:25 [scrapy] DEBUG: Scraped from <200 https://www.rjs.com/invest/diya/sort/asc/p/5>
None
2016-08-12 16:02:25 [scrapy] DEBUG: Scraped from <200 https://www.rjs.com/invest/diya/sort/asc/p/5>
None
2016-08-12 16:02:25 [scrapy] DEBUG: Scraped from <200 https://www.rjs.com/invest/diya/sort/asc/p/5>
None
2016-08-12 16:02:26 [scrapy] DEBUG: Crawled (200) <GET https://www.rjs.com/invest/zl/sort/asc/p/5> (referer: None)
2016-08-12 16:02:26 [scrapy] DEBUG: Crawled (200) <GET https://www.rjs.com/invest/diya/sort/asc/p/6> (referer: None)
2016-08-12 16:02:26 [scrapy] DEBUG: Crawled (200) <GET https://www.rjs.com/invest/xy/sort/asc/p/5> (referer: None)
2016-08-12 16:02:26 [scrapy] DEBUG: Scraped from <200 https://www.rjs.com/invest/diya/sort/asc/p/6>
None
2016-08-12 16:02:26 [scrapy] DEBUG: Scraped from <200 https://www.rjs.com/invest/diya/sort/asc/p/6>
None
2016-08-12 16:02:26 [scrapy] DEBUG: Scraped from <200 https://www.rjs.com/invest/diya/sort/asc/p/6>
None
2016-08-12 16:02:26 [scrapy] DEBUG: Scraped from <200 https://www.rjs.com/invest/diya/sort/asc/p/6>
None
2016-08-12 16:02:26 [scrapy] DEBUG: Scraped from <200 https://www.rjs.com/invest/diya/sort/asc/p/6>
None
2016-08-12 16:02:26 [scrapy] DEBUG: Scraped from <200 https://www.rjs.com/invest/diya/sort/asc/p/6>
None
2016-08-12 16:02:26 [scrapy] DEBUG: Scraped from <200 https://www.rjs.com/invest/diya/sort/asc/p/6>
None
2016-08-12 16:02:26 [scrapy] DEBUG: Scraped from <200 https://www.rjs.com/invest/diya/sort/asc/p/6>
None
2016-08-12 16:02:26 [scrapy] DEBUG: Scraped from <200 https://www.rjs.com/invest/diya/sort/asc/p/6>
None
2016-08-12 16:02:26 [scrapy] DEBUG: Scraped from <200 https://www.rjs.com/invest/diya/sort/asc/p/6>
None
2016-08-12 16:02:26 [scrapy] DEBUG: Crawled (200) <GET https://www.rjs.com/invest/diya/sort/asc/p/7> (referer: None)
2016-08-12 16:02:26 [scrapy] DEBUG: Crawled (200) <GET https://www.rjs.com/invest/zl/sort/asc/p/6> (referer: None)
2016-08-12 16:02:26 [scrapy] DEBUG: Crawled (200) <GET https://www.rjs.com/invest/xy/sort/asc/p/6> (referer: None)
2016-08-12 16:02:26 [scrapy] DEBUG: Scraped from <200 https://www.rjs.com/invest/diya/sort/asc/p/7>
None
2016-08-12 16:02:26 [scrapy] DEBUG: Scraped from <200 https://www.rjs.com/invest/diya/sort/asc/p/7>
None
2016-08-12 16:02:26 [scrapy] DEBUG: Scraped from <200 https://www.rjs.com/invest/diya/sort/asc/p/7>
None
2016-08-12 16:02:26 [scrapy] DEBUG: Scraped from <200 https://www.rjs.com/invest/diya/sort/asc/p/7>
None
2016-08-12 16:02:26 [scrapy] DEBUG: Scraped from <200 https://www.rjs.com/invest/diya/sort/asc/p/7>
None
2016-08-12 16:02:26 [scrapy] DEBUG: Scraped from <200 https://www.rjs.com/invest/diya/sort/asc/p/7>
None
2016-08-12 16:02:26 [scrapy] DEBUG: Scraped from <200 https://www.rjs.com/invest/diya/sort/asc/p/7>
None
2016-08-12 16:02:26 [scrapy] DEBUG: Scraped from <200 https://www.rjs.com/invest/diya/sort/asc/p/7>
None
2016-08-12 16:02:26 [scrapy] DEBUG: Scraped from <200 https://www.rjs.com/invest/diya/sort/asc/p/7>
None
2016-08-12 16:02:26 [scrapy] DEBUG: Scraped from <200 https://www.rjs.com/invest/diya/sort/asc/p/7>
None
2016-08-12 16:02:26 [scrapy] DEBUG: Crawled (200) <GET https://www.rjs.com/invest/diya/sort/asc/p/8> (referer: None)
2016-08-12 16:02:26 [scrapy] DEBUG: Crawled (200) <GET https://www.rjs.com/invest/zl/sort/asc/p/7> (referer: None)
2016-08-12 16:02:26 [scrapy] DEBUG: Crawled (200) <GET https://www.rjs.com/invest/xy/sort/asc/p/7> (referer: None)
2016-08-12 16:02:26 [scrapy] DEBUG: Scraped from <200 https://www.rjs.com/invest/diya/sort/asc/p/8>
None
2016-08-12 16:02:26 [scrapy] DEBUG: Scraped from <200 https://www.rjs.com/invest/diya/sort/asc/p/8>
None
2016-08-12 16:02:26 [scrapy] DEBUG: Scraped from <200 https://www.rjs.com/invest/diya/sort/asc/p/8>
None
2016-08-12 16:02:26 [scrapy] DEBUG: Scraped from <200 https://www.rjs.com/invest/diya/sort/asc/p/8>
None
2016-08-12 16:02:26 [scrapy] DEBUG: Scraped from <200 https://www.rjs.com/invest/diya/sort/asc/p/8>
None
2016-08-12 16:02:26 [scrapy] DEBUG: Scraped from <200 https://www.rjs.com/invest/diya/sort/asc/p/8>
None
2016-08-12 16:02:26 [scrapy] DEBUG: Scraped from <200 https://www.rjs.com/invest/diya/sort/asc/p/8>
None
2016-08-12 16:02:26 [scrapy] DEBUG: Scraped from <200 https://www.rjs.com/invest/diya/sort/asc/p/8>
None
2016-08-12 16:02:26 [scrapy] DEBUG: Scraped from <200 https://www.rjs.com/invest/diya/sort/asc/p/8>
None
2016-08-12 16:02:26 [scrapy] DEBUG: Scraped from <200 https://www.rjs.com/invest/diya/sort/asc/p/8>
None
2016-08-12 16:02:26 [scrapy] DEBUG: Crawled (200) <GET https://www.rjs.com/invest/zl/sort/asc/p/8> (referer: None)
2016-08-12 16:02:26 [scrapy] DEBUG: Crawled (200) <GET https://www.rjs.com/invest/xy/sort/asc/p/8> (referer: None)
2016-08-12 16:02:26 [scrapy] INFO: Closing spider (finished)
2016-08-12 16:02:26 [scrapy] INFO: Dumping Scrapy stats:
{'downloader/request_bytes': 7491,
 'downloader/request_count': 25,
 'downloader/request_method_count/GET': 25,
 'downloader/response_bytes': 398200,
 'downloader/response_count': 25,
 'downloader/response_status_count/200': 25,
 'finish_reason': 'finished',
 'finish_time': datetime.datetime(2016, 8, 12, 8, 2, 26, 953173),
 'item_scraped_count': 87,
 'log_count/DEBUG': 113,
 'log_count/INFO': 7,
 'log_count/WARNING': 3,
 'response_received_count': 25,
 'scheduler/dequeued': 24,
 'scheduler/dequeued/memory': 24,
 'scheduler/enqueued': 24,
 'scheduler/enqueued/memory': 24,
 'start_time': datetime.datetime(2016, 8, 12, 8, 2, 24, 126028)}
2016-08-12 16:02:26 [scrapy] INFO: Spider closed (finished)
conf:
['range']
parse_roongdiya:https://www.rjs.com/invest/diya/sort/asc/p/1
parse_roongdiya:https://www.rjs.com/invest/diya/sort/asc/p/2
parse_roongdiya:https://www.rjs.com/invest/zl/sort/asc/p/2
parse_roongdiya:https://www.rjs.com/invest/diya/sort/asc/p/3
parse_roongdiya:https://www.rjs.com/invest/xy/sort/asc/p/2
parse_roongdiya:https://www.rjs.com/invest/xy/sort/asc/p/1
parse_roongdiya:https://www.rjs.com/invest/xy/sort/asc/p/3
parse_roongdiya:https://www.rjs.com/invest/zl/sort/asc/p/3
parse_roongdiya:https://www.rjs.com/invest/zl/sort/asc/p/1
parse_roongdiya:https://www.rjs.com/invest/diya/sort/asc/p/4
parse_roongdiya:https://www.rjs.com/invest/xy/sort/asc/p/4
parse_roongdiya:https://www.rjs.com/invest/zl/sort/asc/p/4
parse_roongdiya:https://www.rjs.com/invest/diya/sort/asc/p/5
parse_roongdiya:https://www.rjs.com/invest/zl/sort/asc/p/5
parse_roongdiya:https://www.rjs.com/invest/diya/sort/asc/p/6
parse_roongdiya:https://www.rjs.com/invest/xy/sort/asc/p/5
parse_roongdiya:https://www.rjs.com/invest/diya/sort/asc/p/7
parse_roongdiya:https://www.rjs.com/invest/zl/sort/asc/p/6
parse_roongdiya:https://www.rjs.com/invest/xy/sort/asc/p/6
parse_roongdiya:https://www.rjs.com/invest/diya/sort/asc/p/8
parse_roongdiya:https://www.rjs.com/invest/zl/sort/asc/p/7
parse_roongdiya:https://www.rjs.com/invest/xy/sort/asc/p/7
parse_roongdiya:https://www.rjs.com/invest/zl/sort/asc/p/8
parse_roongdiya:https://www.rjs.com/invest/xy/sort/asc/p/8
